{
  "RSpec": {
    "coverage": {
      "/home/jcottobboni/projetos/raven/cityhalltransparency/app/models/user.rb": [
        null,
        null,
        1,
        1,
        null,
        null,
        1,
        null,
        1,
        1,
        1,
        null,
        1,
        1,
        1,
        null
      ],
      "/home/jcottobboni/projetos/raven/cityhalltransparency/app/models/application_record.rb": [
        1,
        1,
        null
      ],
      "/home/jcottobboni/projetos/raven/cityhalltransparency/app/helpers/application_helper.rb": [
        1,
        null
      ],
      "/home/jcottobboni/projetos/raven/cityhalltransparency/app/controllers/root_controller.rb": [
        null,
        null,
        1,
        null,
        1,
        null,
        null
      ],
      "/home/jcottobboni/projetos/raven/cityhalltransparency/app/controllers/authenticated_controller.rb": [
        1,
        1,
        null
      ],
      "/home/jcottobboni/projetos/raven/cityhalltransparency/app/controllers/application_controller.rb": [
        1,
        1,
        null,
        1,
        null,
        1,
        5,
        null,
        null
      ],
      "/home/jcottobboni/projetos/raven/cityhalltransparency/app/mailers/application_mailer.rb": [
        0,
        0,
        0,
        0
      ],
      "/home/jcottobboni/projetos/raven/cityhalltransparency/app/jobs/application_job.rb": [
        0,
        0
      ],
      "/home/jcottobboni/projetos/raven/cityhalltransparency/app/channels/application_cable/channel.rb": [
        0,
        0,
        0,
        0
      ],
      "/home/jcottobboni/projetos/raven/cityhalltransparency/app/channels/application_cable/connection.rb": [
        0,
        0,
        0,
        0
      ]
    },
    "timestamp": 1543273350
  }
}
